<?xml version="1.0" encoding="UTF-8" ?>
<testsuite failures="0" time="4.21" errors="0" skipped="0" tests="5" name="com.opower.connectionpool.TestBlockingConnectionPool">
  <properties>
[...]
</properties>
  <testcase time="0.105" classname="com.opower.connectionpool.TestBlockingConnectionPool" name="simpleConnectionPoolTets"/>
  <testcase time="0.001" classname="com.opower.connectionpool.TestBlockingConnectionPool" name="createConnectionPool"/>
  <testcase time="3.004" classname="com.opower.connectionpool.TestBlockingConnectionPool" name="testBlockingRequest"/>
  <testcase time="0.001" classname="com.opower.connectionpool.TestBlockingConnectionPool" name="testReleaseUnknowConnection"/>
  <testcase time="1.001" classname="com.opower.connectionpool.TestBlockingConnectionPool" name="testTimeOutRequest"/>
</testsuite>